  unique_ptr.cpp
C:\Users\NOW2-210-12\Documents\GitHub\Game-programming-optimization\C++\CPlusPlus\unique_ptr\unique_ptr.h(30,68): error C2039: 'id': 'std::unique_ptr<Player,std::default_delete<Player>>'의 멤버가 아닙니다.
C:\Users\NOW2-210-12\Documents\GitHub\Game-programming-optimization\C++\CPlusPlus\unique_ptr\unique_ptr.h(29): message : 'std::unique_ptr<Player,std::default_delete<Player>>' 선언을 참조하십시오.
  week_ptr.cpp
C:\Users\NOW2-210-12\Documents\GitHub\Game-programming-optimization\C++\CPlusPlus\unique_ptr\week_ptr.cpp(7,35): error C2065: 'FPSPlayer': 선언되지 않은 식별자입니다.
C:\Users\NOW2-210-12\Documents\GitHub\Game-programming-optimization\C++\CPlusPlus\unique_ptr\week_ptr.cpp(7,23): error C2672: 'std::make_shared': 일치하는 오버로드된 함수가 없습니다.
C:\Users\NOW2-210-12\Documents\GitHub\Game-programming-optimization\C++\CPlusPlus\unique_ptr\week_ptr.cpp(7,57): error C2974: 'std::make_shared': '_Ty'의 템플릿 인수가 잘못되었습니다. 형식이 필요합니다.
C:\Program Files (x86)\Microsoft Visual Studio\2019\Community\VC\Tools\MSVC\14.29.30133\include\memory(2747): message : 'std::make_shared' 선언을 참조하십시오.
C:\Users\NOW2-210-12\Documents\GitHub\Game-programming-optimization\C++\CPlusPlus\unique_ptr\week_ptr.cpp(8,38): error C2065: 'FPSPlayer': 선언되지 않은 식별자입니다.
C:\Users\NOW2-210-12\Documents\GitHub\Game-programming-optimization\C++\CPlusPlus\unique_ptr\week_ptr.cpp(8,26): error C2672: 'std::make_shared': 일치하는 오버로드된 함수가 없습니다.
C:\Users\NOW2-210-12\Documents\GitHub\Game-programming-optimization\C++\CPlusPlus\unique_ptr\week_ptr.cpp(8,63): error C2974: 'std::make_shared': '_Ty'의 템플릿 인수가 잘못되었습니다. 형식이 필요합니다.
C:\Program Files (x86)\Microsoft Visual Studio\2019\Community\VC\Tools\MSVC\14.29.30133\include\memory(2747): message : 'std::make_shared' 선언을 참조하십시오.
C:\Users\NOW2-210-12\Documents\GitHub\Game-programming-optimization\C++\CPlusPlus\unique_ptr\week_ptr.cpp(9,14): error C2065: 'FPSPlayer': 선언되지 않은 식별자입니다.
C:\Users\NOW2-210-12\Documents\GitHub\Game-programming-optimization\C++\CPlusPlus\unique_ptr\week_ptr.cpp(9,5): error C2923: 'std::weak_ptr': 'FPSPlayer'은(는) '_Ty' 매개 변수에 대한 올바른 템플릿 형식 인수가 아닙니다.
C:\Users\NOW2-210-12\Documents\GitHub\Game-programming-optimization\C++\CPlusPlus\unique_ptr\week_ptr.cpp(9): message : 'FPSPlayer' 선언을 참조하십시오.
C:\Users\NOW2-210-12\Documents\GitHub\Game-programming-optimization\C++\CPlusPlus\unique_ptr\week_ptr.cpp(9,50): error C3536: 'pRedPlayer': 초기화되기 전에 사용할 수 없습니다.
C:\Users\NOW2-210-12\Documents\GitHub\Game-programming-optimization\C++\CPlusPlus\unique_ptr\week_ptr.cpp(9,50): error C2514: 'std::weak_ptr': 클래스 템플릿을 생성할 수 없습니다.
C:\Program Files (x86)\Microsoft Visual Studio\2019\Community\VC\Tools\MSVC\14.29.30133\include\memory(2977): message : 'std::weak_ptr' 선언을 참조하십시오.
C:\Users\NOW2-210-12\Documents\GitHub\Game-programming-optimization\C++\CPlusPlus\unique_ptr\week_ptr.cpp(11,16): error C2065: 'FPSPlayer': 선언되지 않은 식별자입니다.
C:\Users\NOW2-210-12\Documents\GitHub\Game-programming-optimization\C++\CPlusPlus\unique_ptr\week_ptr.cpp(11,5): error C2923: 'std::shared_ptr': 'FPSPlayer'은(는) '_Ty' 매개 변수에 대한 올바른 템플릿 형식 인수가 아닙니다.
C:\Users\NOW2-210-12\Documents\GitHub\Game-programming-optimization\C++\CPlusPlus\unique_ptr\week_ptr.cpp(11): message : 'FPSPlayer' 선언을 참조하십시오.
C:\Users\NOW2-210-12\Documents\GitHub\Game-programming-optimization\C++\CPlusPlus\unique_ptr\week_ptr.cpp(11,62): error C2662: 'std::shared_ptr<_Ty> std::weak_ptr<_Ty>::lock(void) noexcept const': 'this' 포인터를 'std::weak_ptr'에서 'const std::weak_ptr<_Ty> &'(으)로 변환할 수 없습니다.
C:\Users\NOW2-210-12\Documents\GitHub\Game-programming-optimization\C++\CPlusPlus\unique_ptr\week_ptr.cpp(11,62): message : 원인: 'std::weak_ptr'에서 'const std::weak_ptr<_Ty>'(으)로 변환할 수 없습니다.
C:\Users\NOW2-210-12\Documents\GitHub\Game-programming-optimization\C++\CPlusPlus\unique_ptr\week_ptr.cpp(11,42): message : 변환하려면 둘째 사용자 정의 변환 연산자 또는 생성자가 있어야 합니다.
C:\Program Files (x86)\Microsoft Visual Studio\2019\Community\VC\Tools\MSVC\14.29.30133\include\memory(3048,32): message : 'std::weak_ptr<_Ty>::lock' 선언을 참조하십시오.
C:\Users\NOW2-210-12\Documents\GitHub\Game-programming-optimization\C++\CPlusPlus\unique_ptr\week_ptr.cpp(11,40): error C2512: 'std::shared_ptr': 사용할 수 있는 적절한 기본 생성자가 없습니다.
C:\Program Files (x86)\Microsoft Visual Studio\2019\Community\VC\Tools\MSVC\14.29.30133\include\memory(1504,1): message : 'std::shared_ptr' 선언을 참조하십시오.
C:\Users\NOW2-210-12\Documents\GitHub\Game-programming-optimization\C++\CPlusPlus\unique_ptr\week_ptr.cpp(13,9): error C2675: 단항 '->': 'std::shared_ptr'이(가) 이 연산자를 정의하지 않거나 미리 정의된 연산자에 허용되는 형식으로의 변환을 정의하지 않습니다.
C:\Users\NOW2-210-12\Documents\GitHub\Game-programming-optimization\C++\CPlusPlus\unique_ptr\week_ptr.cpp(13,24): error C2039: 'setTeamPlayer': 'std::shared_ptr'의 멤버가 아닙니다.
C:\Program Files (x86)\Microsoft Visual Studio\2019\Community\VC\Tools\MSVC\14.29.30133\include\memory(1504): message : 'std::shared_ptr' 선언을 참조하십시오.
C:\Users\NOW2-210-12\Documents\GitHub\Game-programming-optimization\C++\CPlusPlus\unique_ptr\week_ptr.cpp(13,51): error C3536: 'pOrangePlayer': 초기화되기 전에 사용할 수 없습니다.
C:\Users\NOW2-210-12\Documents\GitHub\Game-programming-optimization\C++\CPlusPlus\unique_ptr\week_ptr.cpp(13,53): error C2065: 'uto': 선언되지 않은 식별자입니다.
C:\Users\NOW2-210-12\Documents\GitHub\Game-programming-optimization\C++\CPlusPlus\unique_ptr\week_ptr.cpp(14,5): error C2143: 구문 오류: ';'이(가) '}' 앞에 없습니다.
  코드를 생성하고 있습니다...
