  Inventory.cpp
C:\Users\yunon\Documents\GitHub\Game-programming-optimization\C++\CPlusPlus\생성대입소멸\Inventory.h(13,32): error C2760: 구문 오류: ';'을(는) 예기치 않은 토큰입니다. 필요한 토큰은 '{'입니다.
C:\Users\yunon\Documents\GitHub\Game-programming-optimization\C++\CPlusPlus\생성대입소멸\Inventory.h(11,17): message : 이 진단은 컴파일러 생성 함수 'decltype(auto) Inventory::pauseAndAccess(Conrainer &&,Index)'에서 수행되었습니다.
C:\Users\yunon\Documents\GitHub\Game-programming-optimization\C++\CPlusPlus\생성대입소멸\Inventory.cpp(5,35): error C2084: 'Inventory::Inventory(int)' 함수에 이미 본문이 있습니다.
C:\Users\yunon\Documents\GitHub\Game-programming-optimization\C++\CPlusPlus\생성대입소멸\Inventory.h(38): message : '{ctor}'의 이전 정의를 참조하십시오.
C:\Users\yunon\Documents\GitHub\Game-programming-optimization\C++\CPlusPlus\생성대입소멸\Inventory.cpp(10,35): error C2084: 'Inventory::Inventory(int)' 함수에 이미 본문이 있습니다.
C:\Users\yunon\Documents\GitHub\Game-programming-optimization\C++\CPlusPlus\생성대입소멸\Inventory.cpp(5): message : '{ctor}'의 이전 정의를 참조하십시오.
C:\Users\yunon\Documents\GitHub\Game-programming-optimization\C++\CPlusPlus\생성대입소멸\Inventory.cpp(11,29): error C3861: 'makeInventory': 식별자를 찾을 수 없습니다.
C:\Users\yunon\Documents\GitHub\Game-programming-optimization\C++\CPlusPlus\생성대입소멸\Inventory.cpp(12,12): error C2512: 'Inventory': 사용할 수 있는 적절한 기본 생성자가 없습니다.
C:\Users\yunon\Documents\GitHub\Game-programming-optimization\C++\CPlusPlus\생성대입소멸\Inventory.h(7,7): message : 'Inventory' 선언을 참조하십시오.
C:\Users\yunon\Documents\GitHub\Game-programming-optimization\C++\CPlusPlus\생성대입소멸\Inventory.h(12,3): error C3861: 'pause': 식별자를 찾을 수 없습니다.
C:\Users\yunon\Documents\GitHub\Game-programming-optimization\C++\CPlusPlus\생성대입소멸\Inventory.cpp(13): message : 컴파일되는 함수 템플릿 인스턴스화 'decltype(auto) Inventory::pauseAndAccess<Inventory&,int>(Conrainer,Index)'에 대한 참조를 확인하세요.
          with
          [
              Conrainer=Inventory &,
              Index=int
          ]
C:\Users\yunon\Documents\GitHub\Game-programming-optimization\C++\CPlusPlus\생성대입소멸\Inventory.h(13,26): error C2677: 이항 '<': 'Inventory' 형식을 사용하는 전역 연산자가 없거나 허용되는 변환이 없습니다.
C:\Users\yunon\Documents\GitHub\Game-programming-optimization\C++\CPlusPlus\생성대입소멸\Inventory.h(13,1): error C3260: ';': 람다 본문 전에 예상치 않은 토큰을 건너뜁니다.
C:\Users\yunon\Documents\GitHub\Game-programming-optimization\C++\CPlusPlus\생성대입소멸\Inventory.cpp(13,41): fatal error C1903: 이전 오류를 복구할 수 없습니다. 컴파일이 중지됩니다.
  main.cpp
C:\Users\yunon\Documents\GitHub\Game-programming-optimization\C++\CPlusPlus\생성대입소멸\Inventory.h(13,32): error C2760: 구문 오류: ';'을(는) 예기치 않은 토큰입니다. 필요한 토큰은 '{'입니다.
C:\Users\yunon\Documents\GitHub\Game-programming-optimization\C++\CPlusPlus\생성대입소멸\Inventory.h(11,17): message : 이 진단은 컴파일러 생성 함수 'decltype(auto) Inventory::pauseAndAccess(Conrainer &&,Index)'에서 수행되었습니다.
  코드를 생성하고 있습니다...
