  Type.cpp
C:\Users\yunon\Documents\GitHub\Game-programming-optimization\C++\CPlusPlus\타입추론\Type.cpp(17,17): error C3861: 'arraySize': 식별자를 찾을 수 없습니다.
  Vector_pushback.cpp
C:\Users\yunon\Documents\GitHub\Game-programming-optimization\C++\CPlusPlus\타입추론\Vector_pushback.cpp(18,9): error C2059: 구문 오류: ')'
C:\Users\yunon\Documents\GitHub\Game-programming-optimization\C++\CPlusPlus\타입추론\Vector_pushback.cpp(18,11): error C2143: 구문 오류: ';'이(가) '{' 앞에 없습니다.
C:\Users\yunon\Documents\GitHub\Game-programming-optimization\C++\CPlusPlus\타입추론\Vector_pushback.cpp(21,65): error C2678: 이항 '!=': 왼쪽 피연산자로 'std::vector<int,std::allocator<int>>' 형식을 사용하는 연산자가 없거나 허용되는 변환이 없습니다.
C:\Users\yunon\Documents\GitHub\Game-programming-optimization\C++\CPlusPlus\타입추론\Vector_pushback.cpp(21,65): message : '기본 제공 C++ 연산자!=(const int *, const int *)'일 수 있습니다.
C:\Users\yunon\Documents\GitHub\Game-programming-optimization\C++\CPlusPlus\타입추론\Vector_pushback.cpp(21,65): message : 인수 목록 '(std::vector<int,std::allocator<int>>, const int *)'을(를) 일치시키는 동안
C:\Users\yunon\Documents\GitHub\Game-programming-optimization\C++\CPlusPlus\타입추론\Vector_pushback.cpp(21,15): error C2737: 'pointerChanged': const 개체를 초기화해야 합니다
C:\Users\yunon\Documents\GitHub\Game-programming-optimization\C++\CPlusPlus\타입추론\Vector_pushback.cpp(34,86): error C2679: 이항 '<<': 오른쪽 피연산자로 'std::vector<int,std::allocator<int>>' 형식을 사용하는 연산자가 없거나 허용되는 변환이 없습니다.
C:\Program Files (x86)\Microsoft Visual Studio\2019\Community\VC\Tools\MSVC\14.29.30133\include\ostream(465,39): message : 'std::basic_ostream<char,std::char_traits<char>> &std::basic_ostream<char,std::char_traits<char>>::operator <<(std::basic_streambuf<char,std::char_traits<char>> *)'일 수 있습니다.
C:\Program Files (x86)\Microsoft Visual Studio\2019\Community\VC\Tools\MSVC\14.29.30133\include\ostream(440,39): message : 또는       'std::basic_ostream<char,std::char_traits<char>> &std::basic_ostream<char,std::char_traits<char>>::operator <<(const void *)'
C:\Program Files (x86)\Microsoft Visual Studio\2019\Community\VC\Tools\MSVC\14.29.30133\include\ostream(422,39): message : 또는       'std::basic_ostream<char,std::char_traits<char>> &std::basic_ostream<char,std::char_traits<char>>::operator <<(long double)'
C:\Program Files (x86)\Microsoft Visual Studio\2019\Community\VC\Tools\MSVC\14.29.30133\include\ostream(404,39): message : 또는       'std::basic_ostream<char,std::char_traits<char>> &std::basic_ostream<char,std::char_traits<char>>::operator <<(double)'
C:\Program Files (x86)\Microsoft Visual Studio\2019\Community\VC\Tools\MSVC\14.29.30133\include\ostream(386,39): message : 또는       'std::basic_ostream<char,std::char_traits<char>> &std::basic_ostream<char,std::char_traits<char>>::operator <<(float)'
C:\Program Files (x86)\Microsoft Visual Studio\2019\Community\VC\Tools\MSVC\14.29.30133\include\ostream(368,39): message : 또는       'std::basic_ostream<char,std::char_traits<char>> &std::basic_ostream<char,std::char_traits<char>>::operator <<(unsigned __int64)'
C:\Program Files (x86)\Microsoft Visual Studio\2019\Community\VC\Tools\MSVC\14.29.30133\include\ostream(350,39): message : 또는       'std::basic_ostream<char,std::char_traits<char>> &std::basic_ostream<char,std::char_traits<char>>::operator <<(__int64)'
C:\Program Files (x86)\Microsoft Visual Studio\2019\Community\VC\Tools\MSVC\14.29.30133\include\ostream(332,39): message : 또는       'std::basic_ostream<char,std::char_traits<char>> &std::basic_ostream<char,std::char_traits<char>>::operator <<(unsigned long)'
C:\Program Files (x86)\Microsoft Visual Studio\2019\Community\VC\Tools\MSVC\14.29.30133\include\ostream(314,39): message : 또는       'std::basic_ostream<char,std::char_traits<char>> &std::basic_ostream<char,std::char_traits<char>>::operator <<(long)'
C:\Program Files (x86)\Microsoft Visual Studio\2019\Community\VC\Tools\MSVC\14.29.30133\include\ostream(295,39): message : 또는       'std::basic_ostream<char,std::char_traits<char>> &std::basic_ostream<char,std::char_traits<char>>::operator <<(unsigned int)'
C:\Program Files (x86)\Microsoft Visual Studio\2019\Community\VC\Tools\MSVC\14.29.30133\include\ostream(269,39): message : 또는       'std::basic_ostream<char,std::char_traits<char>> &std::basic_ostream<char,std::char_traits<char>>::operator <<(int)'
C:\Program Files (x86)\Microsoft Visual Studio\2019\Community\VC\Tools\MSVC\14.29.30133\include\ostream(250,39): message : 또는       'std::basic_ostream<char,std::char_traits<char>> &std::basic_ostream<char,std::char_traits<char>>::operator <<(unsigned short)'
C:\Program Files (x86)\Microsoft Visual Studio\2019\Community\VC\Tools\MSVC\14.29.30133\include\ostream(216,39): message : 또는       'std::basic_ostream<char,std::char_traits<char>> &std::basic_ostream<char,std::char_traits<char>>::operator <<(short)'
C:\Program Files (x86)\Microsoft Visual Studio\2019\Community\VC\Tools\MSVC\14.29.30133\include\ostream(198,39): message : 또는       'std::basic_ostream<char,std::char_traits<char>> &std::basic_ostream<char,std::char_traits<char>>::operator <<(bool)'
C:\Program Files (x86)\Microsoft Visual Studio\2019\Community\VC\Tools\MSVC\14.29.30133\include\ostream(193,39): message : 또는       'std::basic_ostream<char,std::char_traits<char>> &std::basic_ostream<char,std::char_traits<char>>::operator <<(std::ios_base &(__cdecl *)(std::ios_base &))'
C:\Program Files (x86)\Microsoft Visual Studio\2019\Community\VC\Tools\MSVC\14.29.30133\include\ostream(188,39): message : 또는       'std::basic_ostream<char,std::char_traits<char>> &std::basic_ostream<char,std::char_traits<char>>::operator <<(std::basic_ios<char,std::char_traits<char>> &(__cdecl *)(std::basic_ios<char,std::char_traits<char>> &))'
C:\Program Files (x86)\Microsoft Visual Studio\2019\Community\VC\Tools\MSVC\14.29.30133\include\ostream(183,39): message : 또는       'std::basic_ostream<char,std::char_traits<char>> &std::basic_ostream<char,std::char_traits<char>>::operator <<(std::basic_ostream<char,std::char_traits<char>> &(__cdecl *)(std::basic_ostream<char,std::char_traits<char>> &))'
C:\Users\yunon\Documents\GitHub\Game-programming-optimization\C++\CPlusPlus\타입추론\Vector_pushback.cpp(34,86): message : 인수 목록 '(std::basic_ostream<char,std::char_traits<char>>, std::vector<int,std::allocator<int>>)'을(를) 일치시키는 동안
C:\Users\yunon\Documents\GitHub\Game-programming-optimization\C++\CPlusPlus\타입추론\Vector_pushback.cpp(34,90): error C2065: 'pointerChanged': 선언되지 않은 식별자입니다.
C:\Users\yunon\Documents\GitHub\Game-programming-optimization\C++\CPlusPlus\타입추론\Vector_pushback.cpp(34,122): error C2059: 구문 오류: ')'
C:\Users\yunon\Documents\GitHub\Game-programming-optimization\C++\CPlusPlus\타입추론\Vector_pushback.cpp(37,2): error C2561: 'main': 함수는 값을 반환해야 합니다.
C:\Users\yunon\Documents\GitHub\Game-programming-optimization\C++\CPlusPlus\타입추론\Vector_pushback.cpp(6): message : 'main' 선언을 참조하십시오.
  코드를 생성하고 있습니다...
